03-Aug-2022 11:57:25.227 GRAVE [main] org.apache.catalina.startup.Catalina.initDirs Cannot find specified temporary folder at [C:/Programacao/santander_bootcamp/java/springboot_digital_innovation_one/springboot-parte3/apache-tomcat-9.0.26/temp]
03-Aug-2022 11:57:25.353 INFORMAÇÕES [main] org.apache.catalina.startup.VersionLoggerListener.log Server version name:   Apache Tomcat/9.0.26
03-Aug-2022 11:57:25.353 INFORMAÇÕES [main] org.apache.catalina.startup.VersionLoggerListener.log Server built:          Sep 16 2019 15:51:39 UTC
03-Aug-2022 11:57:25.353 INFORMAÇÕES [main] org.apache.catalina.startup.VersionLoggerListener.log Server version number: 9.0.26.0
03-Aug-2022 11:57:25.353 INFORMAÇÕES [main] org.apache.catalina.startup.VersionLoggerListener.log OS Name:               Windows 10
03-Aug-2022 11:57:25.353 INFORMAÇÕES [main] org.apache.catalina.startup.VersionLoggerListener.log OS Version:            10.0
03-Aug-2022 11:57:25.354 INFORMAÇÕES [main] org.apache.catalina.startup.VersionLoggerListener.log Architecture:          amd64
03-Aug-2022 11:57:25.354 INFORMAÇÕES [main] org.apache.catalina.startup.VersionLoggerListener.log Java Home:             C:\Program Files\Java\zulu17.36.13-ca-jdk17.0.4-win_x64
03-Aug-2022 11:57:25.354 INFORMAÇÕES [main] org.apache.catalina.startup.VersionLoggerListener.log JVM Version:           17.0.4+8-LTS
03-Aug-2022 11:57:25.354 INFORMAÇÕES [main] org.apache.catalina.startup.VersionLoggerListener.log JVM Vendor:            Azul Systems, Inc.
03-Aug-2022 11:57:25.354 INFORMAÇÕES [main] org.apache.catalina.startup.VersionLoggerListener.log CATALINA_BASE:         C:\Programacao\santander_bootcamp\java\springboot_digital_innovation_one\springboot-parte3\apache-tomcat-9.0.26
03-Aug-2022 11:57:25.354 INFORMAÇÕES [main] org.apache.catalina.startup.VersionLoggerListener.log CATALINA_HOME:         C:\Programacao\santander_bootcamp\java\springboot_digital_innovation_one\springboot-parte3\apache-tomcat-9.0.26
03-Aug-2022 11:57:25.354 INFORMAÇÕES [main] org.apache.catalina.startup.VersionLoggerListener.log Command line argument: --add-opens=java.base/java.lang=ALL-UNNAMED
03-Aug-2022 11:57:25.354 INFORMAÇÕES [main] org.apache.catalina.startup.VersionLoggerListener.log Command line argument: --add-opens=java.base/java.io=ALL-UNNAMED
03-Aug-2022 11:57:25.355 INFORMAÇÕES [main] org.apache.catalina.startup.VersionLoggerListener.log Command line argument: --add-opens=java.rmi/sun.rmi.transport=ALL-UNNAMED
03-Aug-2022 11:57:25.355 INFORMAÇÕES [main] org.apache.catalina.startup.VersionLoggerListener.log Command line argument: -Djava.util.logging.config.file=C:/Programacao/santander_bootcamp/java/springboot_digital_innovation_one/springboot-parte3/apache-tomcat-9.0.26/conf/logging.properties
03-Aug-2022 11:57:25.355 INFORMAÇÕES [main] org.apache.catalina.startup.VersionLoggerListener.log Command line argument: -Djava.util.logging.manager=org.apache.juli.ClassLoaderLogManager
03-Aug-2022 11:57:25.355 INFORMAÇÕES [main] org.apache.catalina.startup.VersionLoggerListener.log Command line argument: -Djdk.tls.ephemeralDHKeySize=2048
03-Aug-2022 11:57:25.355 INFORMAÇÕES [main] org.apache.catalina.startup.VersionLoggerListener.log Command line argument: -Djava.protocol.handler.pkgs=org.apache.catalina.webresources
03-Aug-2022 11:57:25.355 INFORMAÇÕES [main] org.apache.catalina.startup.VersionLoggerListener.log Command line argument: -Dorg.apache.catalina.security.SecurityListener.UMASK=0027
03-Aug-2022 11:57:25.355 INFORMAÇÕES [main] org.apache.catalina.startup.VersionLoggerListener.log Command line argument: -Dignore.endorsed.dirs=
03-Aug-2022 11:57:25.355 INFORMAÇÕES [main] org.apache.catalina.startup.VersionLoggerListener.log Command line argument: -Dcatalina.base=C:/Programacao/santander_bootcamp/java/springboot_digital_innovation_one/springboot-parte3/apache-tomcat-9.0.26
03-Aug-2022 11:57:25.355 INFORMAÇÕES [main] org.apache.catalina.startup.VersionLoggerListener.log Command line argument: -Dcatalina.home=C:/Programacao/santander_bootcamp/java/springboot_digital_innovation_one/springboot-parte3/apache-tomcat-9.0.26
03-Aug-2022 11:57:25.355 INFORMAÇÕES [main] org.apache.catalina.startup.VersionLoggerListener.log Command line argument: -Djava.io.tmpdir=C:/Programacao/santander_bootcamp/java/springboot_digital_innovation_one/springboot-parte3/apache-tomcat-9.0.26/temp
03-Aug-2022 11:57:25.355 INFORMAÇÕES [main] org.apache.catalina.core.AprLifecycleListener.lifecycleEvent The APR based Apache Tomcat Native library which allows optimal performance in production environments was not found on the java.library.path: [C:\Program Files\Java\zulu17.36.13-ca-jdk17.0.4-win_x64\bin;C:\Windows\Sun\Java\bin;C:\Windows\system32;C:\Windows;C:\Users\Renato\bin;C:\Program Files\Git\mingw64\bin;C:\Program Files\Git\usr\local\bin;C:\Program Files\Git\usr\bin;C:\Program Files\Git\usr\bin;C:\Program Files\Git\mingw64\bin;C:\Program Files\Git\usr\bin;C:\Users\Renato\bin;C:\Windows\system32;C:\Windows\system32;C:\Windows;C:\Windows\System32\Wbem;C:\Windows\System32\WindowsPowerShell\v1.0;C:\Windows\System32\OpenSSH;C:\Program Files (x86)\NVIDIA Corporation\PhysX\Common;C:\Program Files\NVIDIA Corporation\NVIDIA NvDLISR;C:\Program Files\Git\cmd;C:\Program Files (x86)\dotnet;C:\Program Files\dotnet;C:\Users\Renato\AppData\Roaming\nvm;C:\Program Files\nodejs;C:\WindowsSystem3;.;C:\Program Files\nodejs;C:\Program Files\nodejs;C:\Program Files\Java\zulu17.36.13-ca-jdk17.0.4-win_x64\bin;C:\Programacao\apache-maven-3.8.6\bin;C:\Program Files\MySQL\MySQL Shell 8.0\bin;C:\Users\Renato\AppData\Local\Microsoft\WindowsApps;C:\Users\Renato\AppData\Roaming\nvm;C:\Program Files\nodejs;C:\Program Files\heroku\bin;C:\Users\Renato\AppData\Local\Programs\Microsoft VS Code\bin;C:\Program Files\MongoDB\Server\5.0\bin;C:\Users\Renato\AppData\Local\Programs\mongosh;C:\Users\Renato\AppData\Roaming\npm;C:\Program Files\Git\usr\bin\vendor_perl;C:\Program Files\Git\usr\bin\core_perl;.]
03-Aug-2022 11:57:25.486 INFORMAÇÕES [main] org.apache.coyote.AbstractProtocol.init Initializing ProtocolHandler ["http-nio-8080"]
03-Aug-2022 11:57:25.560 INFORMAÇÕES [main] org.apache.coyote.AbstractProtocol.init Initializing ProtocolHandler ["ajp-nio-8009"]
03-Aug-2022 11:57:25.563 INFORMAÇÕES [main] org.apache.catalina.startup.Catalina.load Server initialization in [335] milliseconds
03-Aug-2022 11:57:25.588 INFORMAÇÕES [main] org.apache.catalina.core.StandardService.startInternal Starting service [Catalina]
03-Aug-2022 11:57:25.588 INFORMAÇÕES [main] org.apache.catalina.core.StandardEngine.startInternal Starting Servlet engine: [Apache Tomcat/9.0.26]
03-Aug-2022 11:57:25.603 INFORMAÇÕES [main] org.apache.catalina.startup.HostConfig.deployWAR Deploying web application archive [C:\Programacao\santander_bootcamp\java\springboot_digital_innovation_one\springboot-parte3\apache-tomcat-9.0.26\webapps\springboot.war]
03-Aug-2022 11:57:29.257 INFORMAÇÕES [main] org.apache.jasper.servlet.TldScanner.scanJars At least one JAR was scanned for TLDs yet contained no TLDs. Enable debug logging for this logger for a complete list of JARs that were scanned but no TLDs were found in them. Skipping unneeded JARs during scanning can improve startup time and JSP compilation time.
03-Aug-2022 11:57:29.297 INFORMAÇÕES [main] org.apache.catalina.startup.HostConfig.deployWAR Deployment of web application archive [C:\Programacao\santander_bootcamp\java\springboot_digital_innovation_one\springboot-parte3\apache-tomcat-9.0.26\webapps\springboot.war] has finished in [3.694] ms
03-Aug-2022 11:57:29.298 INFORMAÇÕES [main] org.apache.catalina.startup.HostConfig.deployDirectory Diretório de instalação da aplicação web [C:\Programacao\santander_bootcamp\java\springboot_digital_innovation_one\springboot-parte3\apache-tomcat-9.0.26\webapps\docs]
03-Aug-2022 11:57:29.315 INFORMAÇÕES [main] org.apache.catalina.startup.HostConfig.deployDirectory Deployment of web application directory [C:\Programacao\santander_bootcamp\java\springboot_digital_innovation_one\springboot-parte3\apache-tomcat-9.0.26\webapps\docs] has finished in [17] ms
03-Aug-2022 11:57:29.316 INFORMAÇÕES [main] org.apache.catalina.startup.HostConfig.deployDirectory Diretório de instalação da aplicação web [C:\Programacao\santander_bootcamp\java\springboot_digital_innovation_one\springboot-parte3\apache-tomcat-9.0.26\webapps\examples]
03-Aug-2022 11:57:29.710 INFORMAÇÕES [main] org.apache.catalina.startup.HostConfig.deployDirectory Deployment of web application directory [C:\Programacao\santander_bootcamp\java\springboot_digital_innovation_one\springboot-parte3\apache-tomcat-9.0.26\webapps\examples] has finished in [394] ms
03-Aug-2022 11:57:29.710 INFORMAÇÕES [main] org.apache.catalina.startup.HostConfig.deployDirectory Diretório de instalação da aplicação web [C:\Programacao\santander_bootcamp\java\springboot_digital_innovation_one\springboot-parte3\apache-tomcat-9.0.26\webapps\host-manager]
03-Aug-2022 11:57:29.737 INFORMAÇÕES [main] org.apache.catalina.startup.HostConfig.deployDirectory Deployment of web application directory [C:\Programacao\santander_bootcamp\java\springboot_digital_innovation_one\springboot-parte3\apache-tomcat-9.0.26\webapps\host-manager] has finished in [26] ms
03-Aug-2022 11:57:29.737 INFORMAÇÕES [main] org.apache.catalina.startup.HostConfig.deployDirectory Diretório de instalação da aplicação web [C:\Programacao\santander_bootcamp\java\springboot_digital_innovation_one\springboot-parte3\apache-tomcat-9.0.26\webapps\manager]
03-Aug-2022 11:57:29.757 INFORMAÇÕES [main] org.apache.catalina.startup.HostConfig.deployDirectory Deployment of web application directory [C:\Programacao\santander_bootcamp\java\springboot_digital_innovation_one\springboot-parte3\apache-tomcat-9.0.26\webapps\manager] has finished in [20] ms
03-Aug-2022 11:57:29.757 INFORMAÇÕES [main] org.apache.catalina.startup.HostConfig.deployDirectory Diretório de instalação da aplicação web [C:\Programacao\santander_bootcamp\java\springboot_digital_innovation_one\springboot-parte3\apache-tomcat-9.0.26\webapps\ROOT]
03-Aug-2022 11:57:29.776 INFORMAÇÕES [main] org.apache.catalina.startup.HostConfig.deployDirectory Deployment of web application directory [C:\Programacao\santander_bootcamp\java\springboot_digital_innovation_one\springboot-parte3\apache-tomcat-9.0.26\webapps\ROOT] has finished in [18] ms
03-Aug-2022 11:57:29.778 INFORMAÇÕES [main] org.apache.coyote.AbstractProtocol.start Starting ProtocolHandler ["http-nio-8080"]
03-Aug-2022 11:57:29.783 INFORMAÇÕES [main] org.apache.coyote.AbstractProtocol.start Starting ProtocolHandler ["ajp-nio-8009"]
03-Aug-2022 11:57:29.785 INFORMAÇÕES [main] org.apache.catalina.startup.Catalina.start Server startup in [4.221] milliseconds
